This is pdfTeX, Version 3.14159265-2.6-1.40.17 (MiKTeX 2.9) (preloaded format=pdflatex 2016.6.11)  11 AUG 2016 21:22
entering extended mode
**./Presentation_V_1.tex
(Presentation_V_1.tex
LaTeX2e <2016/03/31>
Babel <3.9r> and hyphenation patterns for 75 language(s) loaded.
(C:\Users\Yousuf\AppData\Roaming\MiKTeX\2.9\tex\latex\beamer\base\beamer.cls
(C:\Users\Yousuf\AppData\Roaming\MiKTeX\2.9\tex\latex\beamer\base\beamerbasercs
.sty
Package: beamerbasercs 2015/03/08 (rcs-revision 368aa9ba9d38)
)
Document Class: beamer 2015/01/05 3.36 A class for typesetting presentations (r
cs-revision 8a39122e1f63)

(C:\Users\Yousuf\AppData\Roaming\MiKTeX\2.9\tex\latex\beamer\base\beamerbasemod
es.sty
Package: beamerbasemodes 2013/09/03 (rcs-revision 768f2d98ca64)
\beamer@tempbox=\box26
\beamer@tempcount=\count79
\c@beamerpauses=\count80

(C:\Users\Yousuf\AppData\Roaming\MiKTeX\2.9\tex\latex\beamer\base\beamerbasedec
ode.sty
Package: beamerbasedecode 2010/05/01 (rcs-revision efa082c6111d)
\beamer@slideinframe=\count81
\beamer@minimum=\count82
)
\beamer@commentbox=\box27
\beamer@modecount=\count83
) ("C:\Software Applications\tex\generic\oberdiek\ifpdf.sty"
Package: ifpdf 2016/05/14 v3.1 Provides the ifpdf switch
)
\headheight=\dimen102
\headdp=\dimen103
\footheight=\dimen104
\sidebarheight=\dimen105
\beamer@tempdim=\dimen106
\beamer@finalheight=\dimen107
\beamer@animht=\dimen108
\beamer@animdp=\dimen109
\beamer@animwd=\dimen110
\beamer@leftmargin=\dimen111
\beamer@rightmargin=\dimen112
\beamer@leftsidebar=\dimen113
\beamer@rightsidebar=\dimen114
\beamer@boxsize=\dimen115
\beamer@vboxoffset=\dimen116
\beamer@descdefault=\dimen117
\beamer@descriptionwidth=\dimen118
\beamer@lastskip=\skip41
\beamer@areabox=\box28
\beamer@animcurrent=\box29
\beamer@animshowbox=\box30
\beamer@sectionbox=\box31
\beamer@logobox=\box32
\beamer@linebox=\box33
\beamer@sectioncount=\count84
\beamer@subsubsectionmax=\count85
\beamer@subsectionmax=\count86
\beamer@sectionmax=\count87
\beamer@totalheads=\count88
\beamer@headcounter=\count89
\beamer@partstartpage=\count90
\beamer@sectionstartpage=\count91
\beamer@subsectionstartpage=\count92
\beamer@animationtempa=\count93
\beamer@animationtempb=\count94
\beamer@xpos=\count95
\beamer@ypos=\count96
\beamer@showpartnumber=\count97
\beamer@currentsubsection=\count98
\beamer@coveringdepth=\count99
\beamer@sectionadjust=\count100
\beamer@tocsectionnumber=\count101

(C:\Users\Yousuf\AppData\Roaming\MiKTeX\2.9\tex\latex\beamer\base\beamerbaseopt
ions.sty
Package: beamerbaseoptions 2013/03/10 (rcs-revision 47431932db0d)
 ("C:\Software Applications\tex\latex\graphics\keyval.sty"
Package: keyval 2014/10/28 v1.15 key=value parser (DPC)
\KV@toks@=\toks14
))
\beamer@paperwidth=\skip42
\beamer@paperheight=\skip43

("C:\Software Applications\tex\latex\geometry\geometry.sty"
Package: geometry 2010/09/12 v5.6 Page Geometry

("C:\Software Applications\tex\generic\oberdiek\ifvtex.sty"
Package: ifvtex 2016/05/16 v1.6 Detect VTeX and its facilities (HO)
Package ifvtex Info: VTeX not detected.
)
("C:\Software Applications\tex\generic\ifxetex\ifxetex.sty"
Package: ifxetex 2010/09/12 v0.6 Provides ifxetex conditional
)
\Gm@cnth=\count102
\Gm@cntv=\count103
\c@Gm@tempcnt=\count104
\Gm@bindingoffset=\dimen119
\Gm@wd@mp=\dimen120
\Gm@odd@mp=\dimen121
\Gm@even@mp=\dimen122
\Gm@layoutwidth=\dimen123
\Gm@layoutheight=\dimen124
\Gm@layouthoffset=\dimen125
\Gm@layoutvoffset=\dimen126
\Gm@dimlist=\toks15

("C:\Software Applications\tex\latex\geometry\geometry.cfg"))
("C:\Software Applications\tex\latex\base\size11.clo"
File: size11.clo 2014/09/29 v1.4h Standard LaTeX file (size option)
)
(C:\Users\Yousuf\AppData\Roaming\MiKTeX\2.9\tex\latex\pgf\basiclayer\pgfcore.st
y ("C:\Software Applications\tex\latex\graphics\graphicx.sty"
Package: graphicx 2014/10/28 v1.0g Enhanced LaTeX Graphics (DPC,SPQR)

("C:\Software Applications\tex\latex\graphics\graphics.sty"
Package: graphics 2016/05/09 v1.0r Standard LaTeX Graphics (DPC,SPQR)

("C:\Software Applications\tex\latex\graphics\trig.sty"
Package: trig 2016/01/03 v1.10 sin cos tan (DPC)
)
("C:\Software Applications\tex\latex\00miktex\graphics.cfg"
File: graphics.cfg 2016/01/02 v1.10 sample graphics configuration
)
Package graphics Info: Driver file: pdftex.def on input line 96.

("C:\Software Applications\tex\latex\pdftex-def\pdftex.def"
File: pdftex.def 2011/05/27 v0.06d Graphics/color for pdfTeX

("C:\Software Applications\tex\generic\oberdiek\infwarerr.sty"
Package: infwarerr 2016/05/16 v1.4 Providing info/warning/error messages (HO)
)
("C:\Software Applications\tex\generic\oberdiek\ltxcmds.sty"
Package: ltxcmds 2016/05/16 v1.23 LaTeX kernel commands for general use (HO)
)
\Gread@gobject=\count105
))
\Gin@req@height=\dimen127
\Gin@req@width=\dimen128
)
(C:\Users\Yousuf\AppData\Roaming\MiKTeX\2.9\tex\latex\pgf\systemlayer\pgfsys.st
y
(C:\Users\Yousuf\AppData\Roaming\MiKTeX\2.9\tex\latex\pgf\utilities\pgfrcs.sty
(C:\Users\Yousuf\AppData\Roaming\MiKTeX\2.9\tex\generic\pgf\utilities\pgfutil-c
ommon.tex
\pgfutil@everybye=\toks16
\pgfutil@tempdima=\dimen129
\pgfutil@tempdimb=\dimen130

(C:\Users\Yousuf\AppData\Roaming\MiKTeX\2.9\tex\generic\pgf\utilities\pgfutil-c
ommon-lists.tex))
(C:\Users\Yousuf\AppData\Roaming\MiKTeX\2.9\tex\generic\pgf\utilities\pgfutil-l
atex.def
\pgfutil@abb=\box34
 (C:\Users\Yousuf\AppData\Roaming\MiKTeX\2.9\tex\latex\ms\everyshi.sty
Package: everyshi 2001/05/15 v3.00 EveryShipout Package (MS)
))
(C:\Users\Yousuf\AppData\Roaming\MiKTeX\2.9\tex\generic\pgf\utilities\pgfrcs.co
de.tex
Package: pgfrcs 2015/08/07 v3.0.1a (rcs-revision 1.31)
))
(C:\Users\Yousuf\AppData\Roaming\MiKTeX\2.9\tex\generic\pgf\systemlayer\pgfsys.
code.tex
Package: pgfsys 2014/07/09 v3.0.1a (rcs-revision 1.48)

(C:\Users\Yousuf\AppData\Roaming\MiKTeX\2.9\tex\generic\pgf\utilities\pgfkeys.c
ode.tex
\pgfkeys@pathtoks=\toks17
\pgfkeys@temptoks=\toks18

(C:\Users\Yousuf\AppData\Roaming\MiKTeX\2.9\tex\generic\pgf\utilities\pgfkeysfi
ltered.code.tex
\pgfkeys@tmptoks=\toks19
))
\pgf@x=\dimen131
\pgf@y=\dimen132
\pgf@xa=\dimen133
\pgf@ya=\dimen134
\pgf@xb=\dimen135
\pgf@yb=\dimen136
\pgf@xc=\dimen137
\pgf@yc=\dimen138
\w@pgf@writea=\write3
\r@pgf@reada=\read1
\c@pgf@counta=\count106
\c@pgf@countb=\count107
\c@pgf@countc=\count108
\c@pgf@countd=\count109
\t@pgf@toka=\toks20
\t@pgf@tokb=\toks21
\t@pgf@tokc=\toks22

(C:\Users\Yousuf\AppData\Roaming\MiKTeX\2.9\tex\generic\pgf\systemlayer\pgf.cfg
File: pgf.cfg 2008/05/14  (rcs-revision 1.7)
)
Driver file for pgf: pgfsys-pdftex.def

(C:\Users\Yousuf\AppData\Roaming\MiKTeX\2.9\tex\generic\pgf\systemlayer\pgfsys-
pdftex.def
File: pgfsys-pdftex.def 2014/10/11  (rcs-revision 1.35)

(C:\Users\Yousuf\AppData\Roaming\MiKTeX\2.9\tex\generic\pgf\systemlayer\pgfsys-
common-pdf.def
File: pgfsys-common-pdf.def 2013/10/10  (rcs-revision 1.13)
)))
(C:\Users\Yousuf\AppData\Roaming\MiKTeX\2.9\tex\generic\pgf\systemlayer\pgfsyss
oftpath.code.tex
File: pgfsyssoftpath.code.tex 2013/09/09  (rcs-revision 1.9)
\pgfsyssoftpath@smallbuffer@items=\count110
\pgfsyssoftpath@bigbuffer@items=\count111
)
(C:\Users\Yousuf\AppData\Roaming\MiKTeX\2.9\tex\generic\pgf\systemlayer\pgfsysp
rotocol.code.tex
File: pgfsysprotocol.code.tex 2006/10/16  (rcs-revision 1.4)
))
(C:\Users\Yousuf\AppData\Roaming\MiKTeX\2.9\tex\latex\xcolor\xcolor.sty
Package: xcolor 2016/05/11 v2.12 LaTeX color extensions (UK)

("C:\Software Applications\tex\latex\00miktex\color.cfg"
File: color.cfg 2016/01/02 v1.6 sample color configuration
)
Package xcolor Info: Driver file: pdftex.def on input line 225.
Package xcolor Info: Model `cmy' substituted by `cmy0' on input line 1348.
Package xcolor Info: Model `hsb' substituted by `rgb' on input line 1352.
Package xcolor Info: Model `RGB' extended on input line 1364.
Package xcolor Info: Model `HTML' substituted by `rgb' on input line 1366.
Package xcolor Info: Model `Hsb' substituted by `hsb' on input line 1367.
Package xcolor Info: Model `tHsb' substituted by `hsb' on input line 1368.
Package xcolor Info: Model `HSB' substituted by `hsb' on input line 1369.
Package xcolor Info: Model `Gray' substituted by `gray' on input line 1370.
Package xcolor Info: Model `wave' substituted by `hsb' on input line 1371.
)
(C:\Users\Yousuf\AppData\Roaming\MiKTeX\2.9\tex\generic\pgf\basiclayer\pgfcore.
code.tex
Package: pgfcore 2010/04/11 v3.0.1a (rcs-revision 1.7)

(C:\Users\Yousuf\AppData\Roaming\MiKTeX\2.9\tex\generic\pgf\math\pgfmath.code.t
ex
(C:\Users\Yousuf\AppData\Roaming\MiKTeX\2.9\tex\generic\pgf\math\pgfmathcalc.co
de.tex
(C:\Users\Yousuf\AppData\Roaming\MiKTeX\2.9\tex\generic\pgf\math\pgfmathutil.co
de.tex)
(C:\Users\Yousuf\AppData\Roaming\MiKTeX\2.9\tex\generic\pgf\math\pgfmathparser.
code.tex
\pgfmath@dimen=\dimen139
\pgfmath@count=\count112
\pgfmath@box=\box35
\pgfmath@toks=\toks23
\pgfmath@stack@operand=\toks24
\pgfmath@stack@operation=\toks25
)
(C:\Users\Yousuf\AppData\Roaming\MiKTeX\2.9\tex\generic\pgf\math\pgfmathfunctio
ns.code.tex
(C:\Users\Yousuf\AppData\Roaming\MiKTeX\2.9\tex\generic\pgf\math\pgfmathfunctio
ns.basic.code.tex)
(C:\Users\Yousuf\AppData\Roaming\MiKTeX\2.9\tex\generic\pgf\math\pgfmathfunctio
ns.trigonometric.code.tex)
(C:\Users\Yousuf\AppData\Roaming\MiKTeX\2.9\tex\generic\pgf\math\pgfmathfunctio
ns.random.code.tex)
(C:\Users\Yousuf\AppData\Roaming\MiKTeX\2.9\tex\generic\pgf\math\pgfmathfunctio
ns.comparison.code.tex)
(C:\Users\Yousuf\AppData\Roaming\MiKTeX\2.9\tex\generic\pgf\math\pgfmathfunctio
ns.base.code.tex)
(C:\Users\Yousuf\AppData\Roaming\MiKTeX\2.9\tex\generic\pgf\math\pgfmathfunctio
ns.round.code.tex)
(C:\Users\Yousuf\AppData\Roaming\MiKTeX\2.9\tex\generic\pgf\math\pgfmathfunctio
ns.misc.code.tex)
(C:\Users\Yousuf\AppData\Roaming\MiKTeX\2.9\tex\generic\pgf\math\pgfmathfunctio
ns.integerarithmetics.code.tex)))
(C:\Users\Yousuf\AppData\Roaming\MiKTeX\2.9\tex\generic\pgf\math\pgfmathfloat.c
ode.tex
\c@pgfmathroundto@lastzeros=\count113
))
(C:\Users\Yousuf\AppData\Roaming\MiKTeX\2.9\tex\generic\pgf\basiclayer\pgfcorep
oints.code.tex
File: pgfcorepoints.code.tex 2013/10/07  (rcs-revision 1.27)
\pgf@picminx=\dimen140
\pgf@picmaxx=\dimen141
\pgf@picminy=\dimen142
\pgf@picmaxy=\dimen143
\pgf@pathminx=\dimen144
\pgf@pathmaxx=\dimen145
\pgf@pathminy=\dimen146
\pgf@pathmaxy=\dimen147
\pgf@xx=\dimen148
\pgf@xy=\dimen149
\pgf@yx=\dimen150
\pgf@yy=\dimen151
\pgf@zx=\dimen152
\pgf@zy=\dimen153
)
(C:\Users\Yousuf\AppData\Roaming\MiKTeX\2.9\tex\generic\pgf\basiclayer\pgfcorep
athconstruct.code.tex
File: pgfcorepathconstruct.code.tex 2013/10/07  (rcs-revision 1.29)
\pgf@path@lastx=\dimen154
\pgf@path@lasty=\dimen155
)
(C:\Users\Yousuf\AppData\Roaming\MiKTeX\2.9\tex\generic\pgf\basiclayer\pgfcorep
athusage.code.tex
File: pgfcorepathusage.code.tex 2014/11/02  (rcs-revision 1.24)
\pgf@shorten@end@additional=\dimen156
\pgf@shorten@start@additional=\dimen157
)
(C:\Users\Yousuf\AppData\Roaming\MiKTeX\2.9\tex\generic\pgf\basiclayer\pgfcores
copes.code.tex
File: pgfcorescopes.code.tex 2015/05/08  (rcs-revision 1.46)
\pgfpic=\box36
\pgf@hbox=\box37
\pgf@layerbox@main=\box38
\pgf@picture@serial@count=\count114
)
(C:\Users\Yousuf\AppData\Roaming\MiKTeX\2.9\tex\generic\pgf\basiclayer\pgfcoreg
raphicstate.code.tex
File: pgfcoregraphicstate.code.tex 2014/11/02  (rcs-revision 1.12)
\pgflinewidth=\dimen158
)
(C:\Users\Yousuf\AppData\Roaming\MiKTeX\2.9\tex\generic\pgf\basiclayer\pgfcoret
ransformations.code.tex
File: pgfcoretransformations.code.tex 2015/08/07  (rcs-revision 1.20)
\pgf@pt@x=\dimen159
\pgf@pt@y=\dimen160
\pgf@pt@temp=\dimen161
)
(C:\Users\Yousuf\AppData\Roaming\MiKTeX\2.9\tex\generic\pgf\basiclayer\pgfcoreq
uick.code.tex
File: pgfcorequick.code.tex 2008/10/09  (rcs-revision 1.3)
)
(C:\Users\Yousuf\AppData\Roaming\MiKTeX\2.9\tex\generic\pgf\basiclayer\pgfcoreo
bjects.code.tex
File: pgfcoreobjects.code.tex 2006/10/11  (rcs-revision 1.2)
)
(C:\Users\Yousuf\AppData\Roaming\MiKTeX\2.9\tex\generic\pgf\basiclayer\pgfcorep
athprocessing.code.tex
File: pgfcorepathprocessing.code.tex 2013/09/09  (rcs-revision 1.9)
)
(C:\Users\Yousuf\AppData\Roaming\MiKTeX\2.9\tex\generic\pgf\basiclayer\pgfcorea
rrows.code.tex
File: pgfcorearrows.code.tex 2015/05/14  (rcs-revision 1.43)
\pgfarrowsep=\dimen162
)
(C:\Users\Yousuf\AppData\Roaming\MiKTeX\2.9\tex\generic\pgf\basiclayer\pgfcores
hade.code.tex
File: pgfcoreshade.code.tex 2013/07/15  (rcs-revision 1.15)
\pgf@max=\dimen163
\pgf@sys@shading@range@num=\count115
)
(C:\Users\Yousuf\AppData\Roaming\MiKTeX\2.9\tex\generic\pgf\basiclayer\pgfcorei
mage.code.tex
File: pgfcoreimage.code.tex 2013/07/15  (rcs-revision 1.18)

(C:\Users\Yousuf\AppData\Roaming\MiKTeX\2.9\tex\generic\pgf\basiclayer\pgfcoree
xternal.code.tex
File: pgfcoreexternal.code.tex 2014/07/09  (rcs-revision 1.21)
\pgfexternal@startupbox=\box39
))
(C:\Users\Yousuf\AppData\Roaming\MiKTeX\2.9\tex\generic\pgf\basiclayer\pgfcorel
ayers.code.tex
File: pgfcorelayers.code.tex 2013/07/18  (rcs-revision 1.7)
)
(C:\Users\Yousuf\AppData\Roaming\MiKTeX\2.9\tex\generic\pgf\basiclayer\pgfcoret
ransparency.code.tex
File: pgfcoretransparency.code.tex 2013/09/30  (rcs-revision 1.5)
)
(C:\Users\Yousuf\AppData\Roaming\MiKTeX\2.9\tex\generic\pgf\basiclayer\pgfcorep
atterns.code.tex
File: pgfcorepatterns.code.tex 2013/11/07  (rcs-revision 1.5)
)))
(C:\Users\Yousuf\AppData\Roaming\MiKTeX\2.9\tex\latex\pgf\utilities\xxcolor.sty
Package: xxcolor 2003/10/24 ver 0.1
\XC@nummixins=\count116
\XC@countmixins=\count117
) ("C:\Software Applications\tex\generic\oberdiek\atbegshi.sty"
Package: atbegshi 2016/05/16 v1.17 At begin shipout hook (HO)
)
("C:\Software Applications\tex\latex\hyperref\hyperref.sty"
Package: hyperref 2016/05/21 v6.83p Hypertext links for LaTeX

("C:\Software Applications\tex\generic\oberdiek\hobsub-hyperref.sty"
Package: hobsub-hyperref 2016/05/16 v1.14 Bundle oberdiek, subset hyperref (HO)


("C:\Software Applications\tex\generic\oberdiek\hobsub-generic.sty"
Package: hobsub-generic 2016/05/16 v1.14 Bundle oberdiek, subset generic (HO)
Package: hobsub 2016/05/16 v1.14 Construct package bundles (HO)
Package hobsub Info: Skipping package `infwarerr' (already loaded).
Package hobsub Info: Skipping package `ltxcmds' (already loaded).
Package: ifluatex 2016/05/16 v1.4 Provides the ifluatex switch (HO)
Package ifluatex Info: LuaTeX not detected.
Package hobsub Info: Skipping package `ifvtex' (already loaded).
Package: intcalc 2016/05/16 v1.2 Expandable calculations with integers (HO)
Package hobsub Info: Skipping package `ifpdf' (already loaded).
Package: etexcmds 2016/05/16 v1.6 Avoid name clashes with e-TeX commands (HO)
Package etexcmds Info: Could not find \expanded.
(etexcmds)             That can mean that you are not using pdfTeX 1.50 or
(etexcmds)             that some package has redefined \expanded.
(etexcmds)             In the latter case, load this package earlier.
Package: kvsetkeys 2016/05/16 v1.17 Key value parser (HO)
Package: kvdefinekeys 2016/05/16 v1.4 Define keys (HO)
Package: pdftexcmds 2016/05/21 v0.22 Utility functions of pdfTeX for LuaTeX (HO
)
Package pdftexcmds Info: LuaTeX not detected.
Package pdftexcmds Info: \pdf@primitive is available.
Package pdftexcmds Info: \pdf@ifprimitive is available.
Package pdftexcmds Info: \pdfdraftmode found.
Package: pdfescape 2016/05/16 v1.14 Implements pdfTeX's escape features (HO)
Package: bigintcalc 2016/05/16 v1.4 Expandable calculations on big integers (HO
)
Package: bitset 2016/05/16 v1.2 Handle bit-vector datatype (HO)
Package: uniquecounter 2016/05/16 v1.3 Provide unlimited unique counter (HO)
)
Package hobsub Info: Skipping package `hobsub' (already loaded).
Package: letltxmacro 2016/05/16 v1.5 Let assignment for LaTeX macros (HO)
Package: hopatch 2016/05/16 v1.3 Wrapper for package hooks (HO)
Package: xcolor-patch 2016/05/16 xcolor patch
Package: atveryend 2016/05/16 v1.9 Hooks at the very end of document (HO)
Package atveryend Info: \enddocument detected (standard20110627).
Package hobsub Info: Skipping package `atbegshi' (already loaded).
Package: refcount 2016/05/16 v3.5 Data extraction from label references (HO)
Package: hycolor 2016/05/16 v1.8 Color options for hyperref/bookmark (HO)
)
("C:\Software Applications\tex\latex\oberdiek\auxhook.sty"
Package: auxhook 2016/05/16 v1.4 Hooks for auxiliary files (HO)
)
("C:\Software Applications\tex\latex\oberdiek\kvoptions.sty"
Package: kvoptions 2016/05/16 v3.12 Key value format for package options (HO)
)
\@linkdim=\dimen164
\Hy@linkcounter=\count118
\Hy@pagecounter=\count119

("C:\Software Applications\tex\latex\hyperref\pd1enc.def"
File: pd1enc.def 2016/05/21 v6.83p Hyperref: PDFDocEncoding definition (HO)
)
\Hy@SavedSpaceFactor=\count120

("C:\Software Applications\tex\latex\00miktex\hyperref.cfg"
File: hyperref.cfg 2002/06/06 v1.2 hyperref configuration of TeXLive
)
Package hyperref Info: Option `bookmarks' set `true' on input line 4362.
Package hyperref Info: Option `bookmarksopen' set `true' on input line 4362.
Package hyperref Info: Option `implicit' set `false' on input line 4362.
Package hyperref Info: Hyper figures OFF on input line 4486.
Package hyperref Info: Link nesting OFF on input line 4491.
Package hyperref Info: Hyper index ON on input line 4494.
Package hyperref Info: Plain pages OFF on input line 4501.
Package hyperref Info: Backreferencing OFF on input line 4506.
Package hyperref Info: Implicit mode OFF; no redefinition of LaTeX internals.
Package hyperref Info: Bookmarks ON on input line 4735.
\c@Hy@tempcnt=\count121

(C:\Users\Yousuf\AppData\Roaming\MiKTeX\2.9\tex\latex\url\url.sty
\Urlmuskip=\muskip10
Package: url 2013/09/16  ver 3.4  Verb mode for urls, etc.
)
LaTeX Info: Redefining \url on input line 5088.
\XeTeXLinkMargin=\dimen165
\Fld@menulength=\count122
\Field@Width=\dimen166
\Fld@charsize=\dimen167
Package hyperref Info: Hyper figures OFF on input line 6342.
Package hyperref Info: Link nesting OFF on input line 6347.
Package hyperref Info: Hyper index ON on input line 6350.
Package hyperref Info: backreferencing OFF on input line 6357.
Package hyperref Info: Link coloring OFF on input line 6362.
Package hyperref Info: Link coloring with OCG OFF on input line 6367.
Package hyperref Info: PDF/A mode OFF on input line 6372.
LaTeX Info: Redefining \ref on input line 6412.
LaTeX Info: Redefining \pageref on input line 6416.
\Hy@abspage=\count123


Package hyperref Message: Stopped early.

)

Package hyperref Message: Driver (autodetected): hpdftex.

("C:\Software Applications\tex\latex\hyperref\hpdftex.def"
File: hpdftex.def 2016/05/21 v6.83p Hyperref driver for pdfTeX
\Fld@listcount=\count124
\c@bookmark@seq@number=\count125

("C:\Software Applications\tex\latex\oberdiek\rerunfilecheck.sty"
Package: rerunfilecheck 2016/05/16 v1.8 Rerun checks for auxiliary files (HO)
Package uniquecounter Info: New unique counter `rerunfilecheck' on input line 2
82.
))
(C:\Users\Yousuf\AppData\Roaming\MiKTeX\2.9\tex\latex\beamer\base\beamerbasereq
uires.sty
Package: beamerbaserequires 2010/05/01  (rcs-revision efa082c6111d)

(C:\Users\Yousuf\AppData\Roaming\MiKTeX\2.9\tex\latex\beamer\base\beamerbasecom
patibility.sty
Package: beamerbasecompatibility 2012/05/01  (rcs-revision 67c48b3b652d)
)
(C:\Users\Yousuf\AppData\Roaming\MiKTeX\2.9\tex\latex\beamer\base\beamerbasefon
t.sty
Package: beamerbasefont 2015/01/05  (rcs-revision b4b4bee242e2)
 ("C:\Software Applications\tex\latex\amsfonts\amssymb.sty"
Package: amssymb 2013/01/14 v3.01 AMS font symbols

("C:\Software Applications\tex\latex\amsfonts\amsfonts.sty"
Package: amsfonts 2013/01/14 v3.01 Basic AMSFonts support
\@emptytoks=\toks26
\symAMSa=\mathgroup4
\symAMSb=\mathgroup5
LaTeX Font Info:    Overwriting math alphabet `\mathfrak' in version `bold'
(Font)                  U/euf/m/n --> U/euf/b/n on input line 106.
))
(C:\Users\Yousuf\AppData\Roaming\MiKTeX\2.9\tex\latex\sansmathaccent\sansmathac
cent.sty
Package: sansmathaccent 2013/03/28

(C:\Users\Yousuf\AppData\Roaming\MiKTeX\2.9\tex\latex\filehook\filehook.sty
Package: filehook 2011/10/12 v0.5d Hooks for input files
)))
(C:\Users\Yousuf\AppData\Roaming\MiKTeX\2.9\tex\latex\beamer\base\beamerbasetra
nslator.sty
Package: beamerbasetranslator 2010/06/11  (rcs-revision 85fd1cc7fc42)

(C:\Users\Yousuf\AppData\Roaming\MiKTeX\2.9\tex\latex\beamer\base\translator\tr
anslator.sty
Package: translator 2010/06/12 ver 1.10

(C:\Users\Yousuf\AppData\Roaming\MiKTeX\2.9\tex\latex\beamer\base\translator\tr
anslator-language-mappings.tex)))
(C:\Users\Yousuf\AppData\Roaming\MiKTeX\2.9\tex\latex\beamer\base\beamerbasemis
c.sty
Package: beamerbasemisc 2013/09/03  (rcs-revision a55719c41d85)
)
(C:\Users\Yousuf\AppData\Roaming\MiKTeX\2.9\tex\latex\beamer\base\beamerbasetwo
screens.sty
Package: beamerbasetwoscreens 2010/05/01  (rcs-revision efa082c6111d)
)
(C:\Users\Yousuf\AppData\Roaming\MiKTeX\2.9\tex\latex\beamer\base\beamerbaseove
rlay.sty
Package: beamerbaseoverlay 2013/12/25  (rcs-revision f6bd5e3805da)
\beamer@argscount=\count126
\beamer@lastskipcover=\skip44
\beamer@trivlistdepth=\count127
)
(C:\Users\Yousuf\AppData\Roaming\MiKTeX\2.9\tex\latex\beamer\base\beamerbasetit
le.sty
Package: beamerbasetitle 2010/09/21  (rcs-revision f0446ed0b6ae)
)
(C:\Users\Yousuf\AppData\Roaming\MiKTeX\2.9\tex\latex\beamer\base\beamerbasesec
tion.sty
Package: beamerbasesection 2013/06/07  (rcs-revision 60b9fe0f342f)
\c@lecture=\count128
\c@part=\count129
\c@section=\count130
\c@subsection=\count131
\c@subsubsection=\count132
)
(C:\Users\Yousuf\AppData\Roaming\MiKTeX\2.9\tex\latex\beamer\base\beamerbasefra
me.sty
Package: beamerbaseframe 2014/02/20  (rcs-revision 4b8ceeeff434)
\beamer@framebox=\box40
\beamer@frametitlebox=\box41
\beamer@zoombox=\box42
\beamer@zoomcount=\count133
\beamer@zoomframecount=\count134
\beamer@frametextheight=\dimen168
\c@subsectionslide=\count135
\beamer@frametopskip=\skip45
\beamer@framebottomskip=\skip46
\beamer@frametopskipautobreak=\skip47
\beamer@framebottomskipautobreak=\skip48
\beamer@envbody=\toks27
\framewidth=\dimen169
\c@framenumber=\count136
)
(C:\Users\Yousuf\AppData\Roaming\MiKTeX\2.9\tex\latex\beamer\base\beamerbasever
batim.sty
Package: beamerbaseverbatim 2015/01/05  (rcs-revision 431510bb5890)
\beamer@verbatimfileout=\write4
)
(C:\Users\Yousuf\AppData\Roaming\MiKTeX\2.9\tex\latex\beamer\base\beamerbasefra
mesize.sty
Package: beamerbaseframesize 2011/09/12  (rcs-revision 70f9d8411e54)
\beamer@splitbox=\box43
\beamer@autobreakcount=\count137
\beamer@autobreaklastheight=\dimen170
\beamer@frametitletoks=\toks28
\beamer@framesubtitletoks=\toks29
)
(C:\Users\Yousuf\AppData\Roaming\MiKTeX\2.9\tex\latex\beamer\base\beamerbasefra
mecomponents.sty
Package: beamerbaseframecomponents 2013/10/18  (rcs-revision 5cf6c5555a45)
\beamer@footins=\box44
)
(C:\Users\Yousuf\AppData\Roaming\MiKTeX\2.9\tex\latex\beamer\base\beamerbasecol
or.sty
Package: beamerbasecolor 2015/02/21  (rcs-revision d944b04ee2d5)
)
(C:\Users\Yousuf\AppData\Roaming\MiKTeX\2.9\tex\latex\beamer\base\beamerbasenot
es.sty
Package: beamerbasenotes 2012/12/19  (rcs-revision 1686da3db3c9)
\beamer@frameboxcopy=\box45
)
(C:\Users\Yousuf\AppData\Roaming\MiKTeX\2.9\tex\latex\beamer\base\beamerbasetoc
.sty
Package: beamerbasetoc 2015/03/08  (rcs-revision 7270298bbaae)
)
(C:\Users\Yousuf\AppData\Roaming\MiKTeX\2.9\tex\latex\beamer\base\beamerbasetem
plates.sty
Package: beamerbasetemplates 2010/05/01  (rcs-revision efa082c6111d)
\beamer@sbttoks=\toks30

(C:\Users\Yousuf\AppData\Roaming\MiKTeX\2.9\tex\latex\beamer\base\beamerbaseaux
templates.sty
Package: beamerbaseauxtemplates 2014/06/30  (rcs-revision 580088513a67)

(C:\Users\Yousuf\AppData\Roaming\MiKTeX\2.9\tex\latex\beamer\base\beamerbasebox
es.sty
Package: beamerbaseboxes 2012/05/13  (rcs-revision 56972908a390)
\bmb@box=\box46
\bmb@colorbox=\box47
\bmb@boxshadow=\box48
\bmb@boxshadowball=\box49
\bmb@boxshadowballlarge=\box50
\bmb@temp=\dimen171
\bmb@dima=\dimen172
\bmb@dimb=\dimen173
\bmb@prevheight=\dimen174
)
\beamer@blockheadheight=\dimen175
))
(C:\Users\Yousuf\AppData\Roaming\MiKTeX\2.9\tex\latex\beamer\base\beamerbaseloc
alstructure.sty
Package: beamerbaselocalstructure 2014/09/10  (rcs-revision 393f6dcff371)
 ("C:\Software Applications\tex\latex\tools\enumerate.sty"
Package: enumerate 2015/07/23 v3.00 enumerate extensions (DPC)
\@enLab=\toks31
)
\c@figure=\count138
\c@table=\count139
\abovecaptionskip=\skip49
\belowcaptionskip=\skip50
)
(C:\Users\Yousuf\AppData\Roaming\MiKTeX\2.9\tex\latex\beamer\base\beamerbasenav
igation.sty
Package: beamerbasenavigation 2015/02/27  (rcs-revision 923f4bf87efa)
\beamer@section@min@dim=\dimen176
)
(C:\Users\Yousuf\AppData\Roaming\MiKTeX\2.9\tex\latex\beamer\base\beamerbasethe
orems.sty
Package: beamerbasetheorems 2010/06/06  (rcs-revision 7e7cc5e53e9d)
 ("C:\Software Applications\tex\latex\amsmath\amsmath.sty"
Package: amsmath 2016/03/10 v2.15b AMS math features
\@mathmargin=\skip51

For additional information on amsmath, use the `?' option.
("C:\Software Applications\tex\latex\amsmath\amstext.sty"
Package: amstext 2000/06/29 v2.01 AMS text

("C:\Software Applications\tex\latex\amsmath\amsgen.sty"
File: amsgen.sty 1999/11/30 v2.0 generic functions
\@emptytoks=\toks32
\ex@=\dimen177
))
("C:\Software Applications\tex\latex\amsmath\amsbsy.sty"
Package: amsbsy 1999/11/29 v1.2d Bold Symbols
\pmbraise@=\dimen178
)
("C:\Software Applications\tex\latex\amsmath\amsopn.sty"
Package: amsopn 2016/03/08 v2.02 operator names
)
\inf@bad=\count140
LaTeX Info: Redefining \frac on input line 199.
\uproot@=\count141
\leftroot@=\count142
LaTeX Info: Redefining \overline on input line 297.
\classnum@=\count143
\DOTSCASE@=\count144
LaTeX Info: Redefining \ldots on input line 394.
LaTeX Info: Redefining \dots on input line 397.
LaTeX Info: Redefining \cdots on input line 518.
\Mathstrutbox@=\box51
\strutbox@=\box52
\big@size=\dimen179
LaTeX Font Info:    Redeclaring font encoding OML on input line 634.
LaTeX Font Info:    Redeclaring font encoding OMS on input line 635.
\macc@depth=\count145
\c@MaxMatrixCols=\count146
\dotsspace@=\muskip11
\c@parentequation=\count147
\dspbrk@lvl=\count148
\tag@help=\toks33
\row@=\count149
\column@=\count150
\maxfields@=\count151
\andhelp@=\toks34
\eqnshift@=\dimen180
\alignsep@=\dimen181
\tagshift@=\dimen182
\tagwidth@=\dimen183
\totwidth@=\dimen184
\lineht@=\dimen185
\@envbody=\toks35
\multlinegap=\skip52
\multlinetaggap=\skip53
\mathdisplay@stack=\toks36
LaTeX Info: Redefining \[ on input line 2739.
LaTeX Info: Redefining \] on input line 2740.
)
("C:\Software Applications\tex\latex\amscls\amsthm.sty"
Package: amsthm 2015/03/04 v2.20.2
\thm@style=\toks37
\thm@bodyfont=\toks38
\thm@headfont=\toks39
\thm@notefont=\toks40
\thm@headpunct=\toks41
\thm@preskip=\skip54
\thm@postskip=\skip55
\thm@headsep=\skip56
\dth@everypar=\toks42
)
\c@theorem=\count152
)
(C:\Users\Yousuf\AppData\Roaming\MiKTeX\2.9\tex\latex\beamer\base\beamerbasethe
mes.sty
Package: beamerbasethemes 2010/05/01  (rcs-revision efa082c6111d)
))
(C:\Users\Yousuf\AppData\Roaming\MiKTeX\2.9\tex\latex\beamer\base\themes\theme\
beamerthemedefault.sty
Package: beamerthemedefault 2010/06/17  (rcs-revision d02a7cf4d8ae)

(C:\Users\Yousuf\AppData\Roaming\MiKTeX\2.9\tex\latex\beamer\base\themes\font\b
eamerfontthemedefault.sty
Package: beamerfontthemedefault 2012/12/19  (rcs-revision 1686da3db3c9)
)
(C:\Users\Yousuf\AppData\Roaming\MiKTeX\2.9\tex\latex\beamer\base\themes\color\
beamercolorthemedefault.sty
Package: beamercolorthemedefault 2012/12/19  (rcs-revision 1686da3db3c9)
)
(C:\Users\Yousuf\AppData\Roaming\MiKTeX\2.9\tex\latex\beamer\base\themes\inner\
beamerinnerthemedefault.sty
Package: beamerinnerthemedefault 2014/06/30  (rcs-revision 580088513a67)
\beamer@dima=\dimen186
\beamer@dimb=\dimen187
)
(C:\Users\Yousuf\AppData\Roaming\MiKTeX\2.9\tex\latex\beamer\base\themes\outer\
beamerouterthemedefault.sty
Package: beamerouterthemedefault 2012/12/19  (rcs-revision 1686da3db3c9)
)))
("C:\Software Applications\tex\latex\base\inputenc.sty"
Package: inputenc 2015/03/17 v1.2c Input encoding file
\inpenc@prehook=\toks43
\inpenc@posthook=\toks44

("C:\Software Applications\tex\latex\base\latin1.def"
File: latin1.def 2015/03/17 v1.2c Input encoding file
))
("C:\Software Applications\tex\latex\base\fontenc.sty"
Package: fontenc 2005/09/27 v1.99g Standard LaTeX package

("C:\Software Applications\tex\latex\base\t1enc.def"
File: t1enc.def 2005/09/27 v1.99g Standard LaTeX file
LaTeX Font Info:    Redeclaring font encoding T1 on input line 48.
))
("C:\Software Applications\tex\generic\babel\babel.sty"
Package: babel 2016/04/23 3.9r The Babel package

*************************************
* Local config file bblopts.cfg used
*
(C:\Users\Yousuf\AppData\Roaming\MiKTeX\2.9\tex\latex\arabi\bblopts.cfg
File: bblopts.cfg 2005/09/08 v0.1 add Arabic and Farsi to "declared" options of
 babel
)
("C:\Software Applications\tex\latex\babel-english\english.ldf"
Language: english 2012/08/20 v3.3p English support from the babel system

("C:\Software Applications\tex\generic\babel\babel.def"
File: babel.def 2016/04/23 3.9r Babel common definitions
\babel@savecnt=\count153
\U@D=\dimen188
LaTeX Info: Redefining \textlatin on input line 1448.
)
\l@canadian = a dialect from \language\l@american 
\l@australian = a dialect from \language\l@british 
\l@newzealand = a dialect from \language\l@british 
))
(C:\Users\Yousuf\AppData\Roaming\MiKTeX\2.9\tex\latex\listings\listings.sty
\lst@mode=\count154
\lst@gtempboxa=\box53
\lst@token=\toks45
\lst@length=\count155
\lst@currlwidth=\dimen189
\lst@column=\count156
\lst@pos=\count157
\lst@lostspace=\dimen190
\lst@width=\dimen191
\lst@newlines=\count158
\lst@lineno=\count159
\lst@maxwidth=\dimen192

(C:\Users\Yousuf\AppData\Roaming\MiKTeX\2.9\tex\latex\listings\lstmisc.sty
File: lstmisc.sty 2015/06/04 1.6 (Carsten Heinz)
\c@lstnumber=\count160
\lst@skipnumbers=\count161
\lst@framebox=\box54
)
(C:\Users\Yousuf\AppData\Roaming\MiKTeX\2.9\tex\latex\listings\listings.cfg
File: listings.cfg 2015/06/04 1.6 listings configuration
))
Package: listings 2015/06/04 1.6 (Carsten Heinz)

(C:\Users\Yousuf\AppData\Roaming\MiKTeX\2.9\tex\latex\eso-pic\eso-pic.sty
Package: eso-pic 2015/07/21 v2.0g eso-pic (RN)
)
("C:\Software Applications\tex\latex\jknappen\mathrsfs.sty"
Package: mathrsfs 1996/01/01 Math RSFS package v1.0 (jk)
\symrsfs=\mathgroup6
)
("C:\Software Applications\tex\latex\multirow\multirow.sty"
\bigstrutjot=\dimen193
)
(C:\Users\Yousuf\AppData\Roaming\MiKTeX\2.9\tex\latex\booktabs\booktabs.sty
Package: booktabs 2005/04/14 v1.61803 publication quality tables
\heavyrulewidth=\dimen194
\lightrulewidth=\dimen195
\cmidrulewidth=\dimen196
\belowrulesep=\dimen197
\belowbottomsep=\dimen198
\aboverulesep=\dimen199
\abovetopsep=\dimen256
\cmidrulesep=\dimen257
\cmidrulekern=\dimen258
\defaultaddspace=\dimen259
\@cmidla=\count162
\@cmidlb=\count163
\@aboverulesep=\dimen260
\@belowrulesep=\dimen261
\@thisruleclass=\count164
\@lastruleclass=\count165
\@thisrulewidth=\dimen262
)
("C:\Software Applications\tex\latex\tools\multicol.sty"
Package: multicol 2016/04/07 v1.8p multicolumn formatting (FMi)
\c@tracingmulticols=\count166
\mult@box=\box55
\multicol@leftmargin=\dimen263
\c@unbalance=\count167
\c@collectmore=\count168
\doublecol@number=\count169
\multicoltolerance=\count170
\multicolpretolerance=\count171
\full@width=\dimen264
\page@free=\dimen265
\premulticols=\dimen266
\postmulticols=\dimen267
\multicolsep=\skip57
\multicolbaselineskip=\skip58
\partial@page=\box56
\last@line=\box57
\maxbalancingoverflow=\dimen268
\mult@rightbox=\box58
\mult@grightbox=\box59
\mult@gfirstbox=\box60
\mult@firstbox=\box61
\@tempa=\box62
\@tempa=\box63
\@tempa=\box64
\@tempa=\box65
\@tempa=\box66
\@tempa=\box67
\@tempa=\box68
\@tempa=\box69
\@tempa=\box70
\@tempa=\box71
\@tempa=\box72
\@tempa=\box73
\@tempa=\box74
\@tempa=\box75
\@tempa=\box76
\@tempa=\box77
\@tempa=\box78
\c@columnbadness=\count172
\c@finalcolumnbadness=\count173
\last@try=\dimen269
\multicolovershoot=\dimen270
\multicolundershoot=\dimen271
\mult@nat@firstbox=\box79
\colbreak@box=\box80
\mc@col@check@num=\count174
)
(C:\Users\Yousuf\AppData\Roaming\MiKTeX\2.9\tex\latex\bbm\bbm.sty
Package: bbm 1999/03/15 V 1.2 provides fonts for set symbols - TH
LaTeX Font Info:    Overwriting math alphabet `\mathbbm' in version `bold'
(Font)                  U/bbm/m/n --> U/bbm/bx/n on input line 33.
LaTeX Font Info:    Overwriting math alphabet `\mathbbmss' in version `bold'
(Font)                  U/bbmss/m/n --> U/bbmss/bx/n on input line 35.
)
(C:\Users\Yousuf\AppData\Roaming\MiKTeX\2.9\tex\latex\cooltooltips\cooltooltips
.sty
Package: cooltooltips 2006/03/07 v1.0 Cool PDF tooltips
\ctip@content@box=\box81
) (colordef.sty) (beamerdefs.sty
\c@mexample=\count175
) (lvblisting.sty) (Presentation_V_1.aux)
\openout1 = `Presentation_V_1.aux'.

LaTeX Font Info:    Checking defaults for OML/cmm/m/it on input line 65.
LaTeX Font Info:    ... okay on input line 65.
LaTeX Font Info:    Checking defaults for T1/cmr/m/n on input line 65.
LaTeX Font Info:    ... okay on input line 65.
LaTeX Font Info:    Checking defaults for OT1/cmr/m/n on input line 65.
LaTeX Font Info:    ... okay on input line 65.
LaTeX Font Info:    Checking defaults for OMS/cmsy/m/n on input line 65.
LaTeX Font Info:    ... okay on input line 65.
LaTeX Font Info:    Checking defaults for OMX/cmex/m/n on input line 65.
LaTeX Font Info:    ... okay on input line 65.
LaTeX Font Info:    Checking defaults for U/cmr/m/n on input line 65.
LaTeX Font Info:    ... okay on input line 65.
LaTeX Font Info:    Checking defaults for PD1/pdf/m/n on input line 65.
LaTeX Font Info:    ... okay on input line 65.

*geometry* driver: auto-detecting
*geometry* detected driver: pdftex
*geometry* verbose mode - [ preamble ] result:
* driver: pdftex
* paper: custom
* layout: <same size as paper>
* layoutoffset:(h,v)=(0.0pt,0.0pt)
* modes: includehead includefoot 
* h-part:(L,W,R)=(28.45274pt, 307.28987pt, 28.45274pt)
* v-part:(T,H,B)=(0.0pt, 273.14662pt, 0.0pt)
* \paperwidth=364.19536pt
* \paperheight=273.14662pt
* \textwidth=307.28987pt
* \textheight=244.6939pt
* \oddsidemargin=-43.81725pt
* \evensidemargin=-43.81725pt
* \topmargin=-72.26999pt
* \headheight=14.22636pt
* \headsep=0.0pt
* \topskip=11.0pt
* \footskip=14.22636pt
* \marginparwidth=4.0pt
* \marginparsep=10.0pt
* \columnsep=10.0pt
* \skip\footins=10.0pt plus 4.0pt minus 2.0pt
* \hoffset=0.0pt
* \voffset=0.0pt
* \mag=1000
* \@twocolumnfalse
* \@twosidefalse
* \@mparswitchfalse
* \@reversemarginfalse
* (1in=72.27pt=25.4mm, 1cm=28.453pt)

(C:\Users\Yousuf\AppData\Roaming\MiKTeX\2.9\tex\context\base\supp-pdf.mkii
[Loading MPS to PDF converter (version 2006.09.02).]
\scratchcounter=\count176
\scratchdimen=\dimen272
\scratchbox=\box82
\nofMPsegments=\count177
\nofMParguments=\count178
\everyMPshowfont=\toks46
\MPscratchCnt=\count179
\MPscratchDim=\dimen273
\MPnumerator=\count180
\makeMPintoPDFobject=\count181
\everyMPtoPDFconversion=\toks47
) ("C:\Software Applications\tex\latex\oberdiek\epstopdf-base.sty"
Package: epstopdf-base 2016/05/15 v2.6 Base part for package epstopdf

("C:\Software Applications\tex\latex\oberdiek\grfext.sty"
Package: grfext 2016/05/16 v1.2 Manage graphics extensions (HO)
)
Package grfext Info: Graphics extension search list:
(grfext)             [.png,.pdf,.jpg,.mps,.jpeg,.jbig2,.jb2,.PNG,.PDF,.JPG,.JPE
G,.JBIG2,.JB2,.eps]
(grfext)             \AppendGraphicsExtensions on input line 456.
)
ABD: EveryShipout initializing macros
\AtBeginShipoutBox=\box83
Package hyperref Info: Link coloring OFF on input line 65.

("C:\Software Applications\tex\latex\hyperref\nameref.sty"
Package: nameref 2016/05/21 v2.44 Cross-referencing by name of section

("C:\Software Applications\tex\generic\oberdiek\gettitlestring.sty"
Package: gettitlestring 2016/05/16 v1.5 Cleanup title references (HO)
)
\c@section@level=\count182
)
LaTeX Info: Redefining \ref on input line 65.
LaTeX Info: Redefining \pageref on input line 65.
LaTeX Info: Redefining \nameref on input line 65.

(Presentation_V_1.out) (Presentation_V_1.out)
\@outlinefile=\write5
\openout5 = `Presentation_V_1.out'.

LaTeX Font Info:    Overwriting symbol font `operators' in version `normal'
(Font)                  OT1/cmr/m/n --> OT1/cmss/m/n on input line 65.
LaTeX Font Info:    Overwriting symbol font `operators' in version `bold'
(Font)                  OT1/cmr/bx/n --> OT1/cmss/bx/n on input line 65.
\symnumbers=\mathgroup7
\sympureletters=\mathgroup8
LaTeX Font Info:    Overwriting math alphabet `\mathrm' in version `normal'
(Font)                  OT1/cmss/m/n --> T1/cmr/m/n on input line 65.
LaTeX Font Info:    Redeclaring math alphabet \mathbf on input line 65.
LaTeX Font Info:    Overwriting math alphabet `\mathbf' in version `normal'
(Font)                  OT1/cmr/bx/n --> T1/cmss/bx/n on input line 65.
LaTeX Font Info:    Overwriting math alphabet `\mathbf' in version `bold'
(Font)                  OT1/cmr/bx/n --> T1/cmss/bx/n on input line 65.
LaTeX Font Info:    Redeclaring math alphabet \mathsf on input line 65.
LaTeX Font Info:    Overwriting math alphabet `\mathsf' in version `normal'
(Font)                  OT1/cmss/m/n --> T1/cmss/m/n on input line 65.
LaTeX Font Info:    Overwriting math alphabet `\mathsf' in version `bold'
(Font)                  OT1/cmss/bx/n --> T1/cmss/m/n on input line 65.
LaTeX Font Info:    Redeclaring math alphabet \mathit on input line 65.
LaTeX Font Info:    Overwriting math alphabet `\mathit' in version `normal'
(Font)                  OT1/cmr/m/it --> T1/cmss/m/it on input line 65.
LaTeX Font Info:    Overwriting math alphabet `\mathit' in version `bold'
(Font)                  OT1/cmr/bx/it --> T1/cmss/m/it on input line 65.
LaTeX Font Info:    Redeclaring math alphabet \mathtt on input line 65.
LaTeX Font Info:    Overwriting math alphabet `\mathtt' in version `normal'
(Font)                  OT1/cmtt/m/n --> T1/cmtt/m/n on input line 65.
LaTeX Font Info:    Overwriting math alphabet `\mathtt' in version `bold'
(Font)                  OT1/cmtt/m/n --> T1/cmtt/m/n on input line 65.
LaTeX Font Info:    Overwriting symbol font `numbers' in version `bold'
(Font)                  T1/cmss/m/n --> T1/cmss/bx/n on input line 65.
LaTeX Font Info:    Overwriting symbol font `pureletters' in version `bold'
(Font)                  T1/cmss/m/it --> T1/cmss/bx/it on input line 65.
LaTeX Font Info:    Overwriting math alphabet `\mathrm' in version `bold'
(Font)                  OT1/cmss/bx/n --> T1/cmr/bx/n on input line 65.
LaTeX Font Info:    Overwriting math alphabet `\mathbf' in version `bold'
(Font)                  T1/cmss/bx/n --> T1/cmss/bx/n on input line 65.
LaTeX Font Info:    Overwriting math alphabet `\mathsf' in version `bold'
(Font)                  T1/cmss/m/n --> T1/cmss/bx/n on input line 65.
LaTeX Font Info:    Overwriting math alphabet `\mathit' in version `bold'
(Font)                  T1/cmss/m/it --> T1/cmss/bx/it on input line 65.
LaTeX Font Info:    Overwriting math alphabet `\mathtt' in version `bold'
(Font)                  T1/cmtt/m/n --> T1/cmtt/bx/n on input line 65.
LaTeX Font Info:    Redeclaring symbol font `pureletters' on input line 65.
LaTeX Font Info:    Encoding `T1' has changed to `OT1' for symbol font
(Font)              `pureletters' in the math version `normal' on input line 65
.
LaTeX Font Info:    Overwriting symbol font `pureletters' in version `normal'
(Font)                  T1/cmss/m/it --> OT1/mathkerncmss/m/sl on input line 65
.
LaTeX Font Info:    Encoding `T1' has changed to `OT1' for symbol font
(Font)              `pureletters' in the math version `bold' on input line 65.
LaTeX Font Info:    Overwriting symbol font `pureletters' in version `bold'
(Font)                  T1/cmss/bx/it --> OT1/mathkerncmss/m/sl on input line 6
5.
LaTeX Font Info:    Overwriting symbol font `pureletters' in version `bold'
(Font)                  OT1/mathkerncmss/m/sl --> OT1/mathkerncmss/bx/sl on inp
ut line 65.

(C:\Users\Yousuf\AppData\Roaming\MiKTeX\2.9\tex\latex\beamer\base\translator\di
cts\translator-basic-dictionary\translator-basic-dictionary-English.dict
Dictionary: translator-basic-dictionary, Language: English 
)
(C:\Users\Yousuf\AppData\Roaming\MiKTeX\2.9\tex\latex\beamer\base\translator\di
cts\translator-bibliography-dictionary\translator-bibliography-dictionary-Engli
sh.dict
Dictionary: translator-bibliography-dictionary, Language: English 
)
(C:\Users\Yousuf\AppData\Roaming\MiKTeX\2.9\tex\latex\beamer\base\translator\di
cts\translator-environment-dictionary\translator-environment-dictionary-English
.dict
Dictionary: translator-environment-dictionary, Language: English 
)
(C:\Users\Yousuf\AppData\Roaming\MiKTeX\2.9\tex\latex\beamer\base\translator\di
cts\translator-months-dictionary\translator-months-dictionary-English.dict
Dictionary: translator-months-dictionary, Language: English 
)
(C:\Users\Yousuf\AppData\Roaming\MiKTeX\2.9\tex\latex\beamer\base\translator\di
cts\translator-numbers-dictionary\translator-numbers-dictionary-English.dict
Dictionary: translator-numbers-dictionary, Language: English 
)
(C:\Users\Yousuf\AppData\Roaming\MiKTeX\2.9\tex\latex\beamer\base\translator\di
cts\translator-theorem-dictionary\translator-theorem-dictionary-English.dict
Dictionary: translator-theorem-dictionary, Language: English 
)
LaTeX Info: Redefining \includegraphics on input line 65.
\c@lstlisting=\count183

(Presentation_V_1.nav)

! Package pgf Error: Undefined image "logosmall".

See the pgf package documentation for explanation.
Type  H <return>  for immediate help.
 ...                                              
                                                  
l.65 \begin{document}
                     
This error message was generated by an \errmessage
command, so I can't give any explicit help.
Pretend that you're Hercule Poirot: Examine all clues,
and deduce the truth by order and method.

LaTeX Font Info:    Try loading font information for U+msa on input line 65.
("C:\Software Applications\tex\latex\amsfonts\umsa.fd"
File: umsa.fd 2013/01/14 v3.01 AMS symbols A
)
LaTeX Font Info:    Try loading font information for U+msb on input line 65.

("C:\Software Applications\tex\latex\amsfonts\umsb.fd"
File: umsb.fd 2013/01/14 v3.01 AMS symbols B
)
LaTeX Font Info:    Try loading font information for U+rsfs on input line 65.

("C:\Software Applications\tex\latex\jknappen\ursfs.fd"
File: ursfs.fd 1998/03/24 rsfs font definition file (jk)
)
LaTeX Font Info:    Try loading font information for OT1+mathkerncmss on input 
line 65.

(C:\Users\Yousuf\AppData\Roaming\MiKTeX\2.9\tex\latex\sansmathaccent\ot1mathker
ncmss.fd
File: ot1mathkerncmss.fd 2013/03/27 Fontinst v1.933 font definitions for OT1/ma
thkerncmss.
)
! Undefined control sequence.
<argument> \linka 
                  
l.70 }
      
The control sequence at the end of the top line
of your error message was never \def'ed. If you have
misspelled it (e.g., `\hobx'), type `I' and the correct
spelling (e.g., `I\hbox'). Otherwise just continue,
and I'll forget about whatever was undefined.


Package hyperref Warning: Suppressing link with empty target on input line 70.

! Undefined control sequence.
<argument> \linka 
                  
l.70 }
      
The control sequence at the end of the top line
of your error message was never \def'ed. If you have
misspelled it (e.g., `\hobx'), type `I' and the correct
spelling (e.g., `I\hbox'). Otherwise just continue,
and I'll forget about whatever was undefined.


Package hyperref Warning: Suppressing link with empty target on input line 70.


Package hyperref Warning: Suppressing link with empty target on input line 70.

[1

{C:/Users/Yousuf/AppData/Local/MiKTeX/2.9/pdftex/config/pdftex.map} <./hulogo.p
df>]

LaTeX Font Warning: Font shape `T1/cmss/m/n' in size <4> not available
(Font)              size <5> substituted on input line 89.


! Package pgf Error: Undefined image "logosmall".

See the pgf package documentation for explanation.
Type  H <return>  for immediate help.
 ...                                              
                                                  
l.89 }
      
(That was another \errmessage.)

pdfTeX warning (ext4): destination with the same identifier (name{Navigation1})
 has been already used, duplicate ignored
<to be read again> 
                   \relax 
l.89 }
      pdfTeX warning (ext4): destination with the same identifier (name{page.1}
) has been already used, duplicate ignored
<to be read again> 
                   \relax 
l.89 }
       [1

] <Figures/loandata.png, id=60, 482.80376pt x 290.08376pt>
File: Figures/loandata.png Graphic file (type png)

<use Figures/loandata.png>
Package pdftex.def Info: Figures/loandata.png used on input line 114.
(pdftex.def)             Requested size: 144.84224pt x 87.02579pt.

Overfull \vbox (0.22154pt too high) detected at line 114
 []


Overfull \vbox (1.215pt too high) has occurred while \output is active []



! Package pgf Error: Undefined image "logosmall".

See the pgf package documentation for explanation.
Type  H <return>  for immediate help.
 ...                                              
                                                  
l.114 }
       
(That was another \errmessage.)

pdfTeX warning (ext4): destination with the same identifier (name{Navigation1})
 has been already used, duplicate ignored
<to be read again> 
                   \relax 
l.114 }
       pdfTeX warning (ext4): destination with the same identifier (name{page.1
}) has been already used, duplicate ignored
<to be read again> 
                   \relax 
l.114 }
        [1

 <./Figures/loandata.png>]
Overfull \vbox (1.215pt too high) has occurred while \output is active []



! Package pgf Error: Undefined image "logosmall".

See the pgf package documentation for explanation.
Type  H <return>  for immediate help.
 ...                                              
                                                  
l.127 }
       
(That was another \errmessage.)

[2

]
Overfull \vbox (1.215pt too high) has occurred while \output is active []



! Package pgf Error: Undefined image "logosmall".

See the pgf package documentation for explanation.
Type  H <return>  for immediate help.
 ...                                              
                                                  
l.144 }
       
(That was another \errmessage.)

[3

]
Overfull \vbox (1.07614pt too high) has occurred while \output is active []



! Package pgf Error: Undefined image "logosmall".

See the pgf package documentation for explanation.
Type  H <return>  for immediate help.
 ...                                              
                                                  
l.170 }
       
(That was another \errmessage.)

pdfTeX warning (ext4): destination with the same identifier (name{Navigation1})
 has been already used, duplicate ignored
<to be read again> 
                   \relax 
l.170 }
       pdfTeX warning (ext4): destination with the same identifier (name{page.1
}) has been already used, duplicate ignored
<to be read again> 
                   \relax 
l.170 }
        [1

]
<Figures/barplot_credit_purpose.pdf, id=87, 844.15375pt x 597.23125pt>
File: Figures/barplot_credit_purpose.pdf Graphic file (type pdf)

<use Figures/barplot_credit_purpose.pdf>
Package pdftex.def Info: Figures/barplot_credit_purpose.pdf used on input line 
184.
(pdftex.def)             Requested size: 253.24808pt x 179.17075pt.

Overfull \vbox (8.1092pt too high) detected at line 184
 []


Overfull \vbox (1.07614pt too high) has occurred while \output is active []



! Package pgf Error: Undefined image "logosmall".

See the pgf package documentation for explanation.
Type  H <return>  for immediate help.
 ...                                              
                                                  
l.184 }
       
(That was another \errmessage.)

pdfTeX warning (ext4): destination with the same identifier (name{Navigation2})
 has been already used, duplicate ignored
<to be read again> 
                   \relax 
l.184 }
       pdfTeX warning (ext4): destination with the same identifier (name{page.2
}) has been already used, duplicate ignored
<to be read again> 
                   \relax 
l.184 }
        [2

 <./Figures/barplot_credit_purpose.pdf>]
<Figures/barplot_status_and_sex.pdf, id=100, 844.15375pt x 597.23125pt>
File: Figures/barplot_status_and_sex.pdf Graphic file (type pdf)

<use Figures/barplot_status_and_sex.pdf>
Package pdftex.def Info: Figures/barplot_status_and_sex.pdf used on input line 
196.
(pdftex.def)             Requested size: 253.24808pt x 179.17075pt.

Overfull \vbox (8.1092pt too high) detected at line 196
 []


Overfull \vbox (1.07614pt too high) has occurred while \output is active []



! Package pgf Error: Undefined image "logosmall".

See the pgf package documentation for explanation.
Type  H <return>  for immediate help.
 ...                                              
                                                  
l.196 }
       
(That was another \errmessage.)

pdfTeX warning (ext4): destination with the same identifier (name{Navigation3})
 has been already used, duplicate ignored
<to be read again> 
                   \relax 
l.196 }
       pdfTeX warning (ext4): destination with the same identifier (name{page.3
}) has been already used, duplicate ignored
<to be read again> 
                   \relax 
l.196 }
        [3

 <./Figures/barplot_status_and_sex.pdf>]
<Figures/mosaic_final.jpg, id=112, 435.12563pt x 399.74344pt>
File: Figures/mosaic_final.jpg Graphic file (type jpg)

<use Figures/mosaic_final.jpg>
Package pdftex.def Info: Figures/mosaic_final.jpg used on input line 207.
(pdftex.def)             Requested size: 174.04716pt x 159.89453pt.


! LaTeX Error: Something's wrong--perhaps a missing \item.

See the LaTeX manual or LaTeX Companion for explanation.
Type  H <return>  for immediate help.
 ...                                              
                                                  
l.207 }
       
Try typing  <return>  to proceed.
If that doesn't work, type  X <return>  to quit.


Overfull \vbox (1.07614pt too high) has occurred while \output is active []



! Package pgf Error: Undefined image "logosmall".

See the pgf package documentation for explanation.
Type  H <return>  for immediate help.
 ...                                              
                                                  
l.207 }
       
(That was another \errmessage.)

[4

 <./Figures/mosaic_final.jpg>]
<Figures/hist_final.pdf, id=119, 844.15375pt x 597.23125pt>
File: Figures/hist_final.pdf Graphic file (type pdf)

<use Figures/hist_final.pdf>
Package pdftex.def Info: Figures/hist_final.pdf used on input line 222.
(pdftex.def)             Requested size: 211.03792pt x 149.30743pt.

Overfull \vbox (1.76752pt too high) detected at line 222
 []


Overfull \vbox (1.07614pt too high) has occurred while \output is active []



! Package pgf Error: Undefined image "logosmall".

See the pgf package documentation for explanation.
Type  H <return>  for immediate help.
 ...                                              
                                                  
l.222 }
       
(That was another \errmessage.)

[5

 <./Figures/hist_final.pdf>]
<Figures/kernel_final.pdf, id=133, 844.15375pt x 597.23125pt>
File: Figures/kernel_final.pdf Graphic file (type pdf)

<use Figures/kernel_final.pdf>
Package pdftex.def Info: Figures/kernel_final.pdf used on input line 237.
(pdftex.def)             Requested size: 211.03792pt x 149.30743pt.

Overfull \vbox (1.76752pt too high) detected at line 237
 []


Overfull \vbox (1.07614pt too high) has occurred while \output is active []



! Package pgf Error: Undefined image "logosmall".

See the pgf package documentation for explanation.
Type  H <return>  for immediate help.
 ...                                              
                                                  
l.237 }
       
(That was another \errmessage.)

[6

 <./Figures/kernel_final.pdf>]
<Figures/boxplot_final.jpg, id=147, 724.95844pt x 167.12437pt>
File: Figures/boxplot_final.jpg Graphic file (type jpg)

<use Figures/boxplot_final.jpg>
Package pdftex.def Info: Figures/boxplot_final.jpg used on input line 251.
(pdftex.def)             Requested size: 326.22829pt x 75.20526pt.

Overfull \hbox (18.93842pt too wide) in paragraph at lines 251--251
 [] 
 []


Overfull \vbox (1.07614pt too high) has occurred while \output is active []



! Package pgf Error: Undefined image "logosmall".

See the pgf package documentation for explanation.
Type  H <return>  for immediate help.
 ...                                              
                                                  
l.251 }
       
(That was another \errmessage.)

[7

 <./Figures/boxplot_final.jpg>]
Overfull \vbox (1.215pt too high) has occurred while \output is active []



! Package pgf Error: Undefined image "logosmall".

See the pgf package documentation for explanation.
Type  H <return>  for immediate help.
 ...                                              
                                                  
l.265 }
       
(That was another \errmessage.)

pdfTeX warning (ext4): destination with the same identifier (name{Navigation1})
 has been already used, duplicate ignored
<to be read again> 
                   \relax 
l.265 }
       pdfTeX warning (ext4): destination with the same identifier (name{page.1
}) has been already used, duplicate ignored
<to be read again> 
                   \relax 
l.265 }
        [1

]
LaTeX Font Info:    Try loading font information for T1+cmtt on input line 272.

 ("C:\Software Applications\tex\latex\base\t1cmtt.fd"
File: t1cmtt.fd 2014/09/29 v2.5h Standard LaTeX font definitions
)
Overfull \vbox (1.215pt too high) has occurred while \output is active []



! Package pgf Error: Undefined image "logosmall".

See the pgf package documentation for explanation.
Type  H <return>  for immediate help.
 ...                                              
                                                  
l.277 }
       
(That was another \errmessage.)

pdfTeX warning (ext4): destination with the same identifier (name{Navigation2})
 has been already used, duplicate ignored
<to be read again> 
                   \relax 
l.277 }
       pdfTeX warning (ext4): destination with the same identifier (name{page.2
}) has been already used, duplicate ignored
<to be read again> 
                   \relax 
l.277 }
        [2

]
Overfull \vbox (1.215pt too high) has occurred while \output is active []



! Package pgf Error: Undefined image "logosmall".

See the pgf package documentation for explanation.
Type  H <return>  for immediate help.
 ...                                              
                                                  
l.296 }
       
(That was another \errmessage.)

pdfTeX warning (ext4): destination with the same identifier (name{Navigation3})
 has been already used, duplicate ignored
<to be read again> 
                   \relax 
l.296 }
       pdfTeX warning (ext4): destination with the same identifier (name{page.3
}) has been already used, duplicate ignored
<to be read again> 
                   \relax 
l.296 }
        [3

]
Overfull \vbox (1.215pt too high) has occurred while \output is active []



! Package pgf Error: Undefined image "logosmall".

See the pgf package documentation for explanation.
Type  H <return>  for immediate help.
 ...                                              
                                                  
l.315 }
       
(That was another \errmessage.)

pdfTeX warning (ext4): destination with the same identifier (name{Navigation4})
 has been already used, duplicate ignored
<to be read again> 
                   \relax 
l.315 }
       pdfTeX warning (ext4): destination with the same identifier (name{page.4
}) has been already used, duplicate ignored
<to be read again> 
                   \relax 
l.315 }
        [4

]
Overfull \vbox (1.215pt too high) has occurred while \output is active []



! Package pgf Error: Undefined image "logosmall".

See the pgf package documentation for explanation.
Type  H <return>  for immediate help.
 ...                                              
                                                  
l.326 }
       
(That was another \errmessage.)

pdfTeX warning (ext4): destination with the same identifier (name{Navigation5})
 has been already used, duplicate ignored
<to be read again> 
                   \relax 
l.326 }
       pdfTeX warning (ext4): destination with the same identifier (name{page.5
}) has been already used, duplicate ignored
<to be read again> 
                   \relax 
l.326 }
        [5

]
Overfull \vbox (1.215pt too high) has occurred while \output is active []



! Package pgf Error: Undefined image "logosmall".

See the pgf package documentation for explanation.
Type  H <return>  for immediate help.
 ...                                              
                                                  
l.344 }
       
(That was another \errmessage.)

pdfTeX warning (ext4): destination with the same identifier (name{Navigation6})
 has been already used, duplicate ignored
<to be read again> 
                   \relax 
l.344 }
       pdfTeX warning (ext4): destination with the same identifier (name{page.6
}) has been already used, duplicate ignored
<to be read again> 
                   \relax 
l.344 }
        [6

]
<Figures/predictive_methodology.png, id=189, 945.5325pt x 532.99126pt>
File: Figures/predictive_methodology.png Graphic file (type png)

<use Figures/predictive_methodology.png>
Package pdftex.def Info: Figures/predictive_methodology.png used on input line 
356.
(pdftex.def)             Requested size: 260.01503pt x 146.56898pt.

Overfull \vbox (7.8444pt too high) detected at line 356
 []


Overfull \vbox (1.215pt too high) has occurred while \output is active []



! Package pgf Error: Undefined image "logosmall".

See the pgf package documentation for explanation.
Type  H <return>  for immediate help.
 ...                                              
                                                  
l.356 }
       
(That was another \errmessage.)

pdfTeX warning (ext4): destination with the same identifier (name{Navigation1})
 has been already used, duplicate ignored
<to be read again> 
                   \relax 
l.356 }
       pdfTeX warning (ext4): destination with the same identifier (name{page.1
}) has been already used, duplicate ignored
<to be read again> 
                   \relax 
l.356 }
        [1

 <./Figures/predictive_methodology.png>]
<Figures/3_K-fold.jpg, id=196, 797.98125pt x 295.85532pt>
File: Figures/3_K-fold.jpg Graphic file (type jpg)

<use Figures/3_K-fold.jpg>
Package pdftex.def Info: Figures/3_K-fold.jpg used on input line 374.
(pdftex.def)             Requested size: 239.39621pt x 88.75726pt.

Overfull \vbox (1.215pt too high) has occurred while \output is active []



! Package pgf Error: Undefined image "logosmall".

See the pgf package documentation for explanation.
Type  H <return>  for immediate help.
 ...                                              
                                                  
l.374 }
       
(That was another \errmessage.)

pdfTeX warning (ext4): destination with the same identifier (name{Navigation2})
 has been already used, duplicate ignored
<to be read again> 
                   \relax 
l.374 }
       pdfTeX warning (ext4): destination with the same identifier (name{page.2
}) has been already used, duplicate ignored
<to be read again> 
                   \relax 
l.374 }
        [2

 <./Figures/3_K-fold.jpg>]
<Figures/3_bagging.jpg, id=202, 666.99188pt x 202.50656pt>
File: Figures/3_bagging.jpg Graphic file (type jpg)

<use Figures/3_bagging.jpg>
Package pdftex.def Info: Figures/3_bagging.jpg used on input line 386.
(pdftex.def)             Requested size: 166.74756pt x 50.62651pt.

Overfull \vbox (1.215pt too high) has occurred while \output is active []



! Package pgf Error: Undefined image "logosmall".

See the pgf package documentation for explanation.
Type  H <return>  for immediate help.
 ...                                              
                                                  
l.386 }
       
(That was another \errmessage.)

pdfTeX warning (ext4): destination with the same identifier (name{Navigation3})
 has been already used, duplicate ignored
<to be read again> 
                   \relax 
l.386 }
       pdfTeX warning (ext4): destination with the same identifier (name{page.3
}) has been already used, duplicate ignored
<to be read again> 
                   \relax 
l.386 }
        [3

 <./Figures/3_bagging.jpg>]

! LaTeX Error: Something's wrong--perhaps a missing \item.

See the LaTeX manual or LaTeX Companion for explanation.
Type  H <return>  for immediate help.
 ...                                              
                                                  
l.397 }
       
Try typing  <return>  to proceed.
If that doesn't work, type  X <return>  to quit.

<Figures/3_Sample_Chart.jpg, id=208, 488.57532pt x 348.55219pt>
File: Figures/3_Sample_Chart.jpg Graphic file (type jpg)

<use Figures/3_Sample_Chart.jpg>
Package pdftex.def Info: Figures/3_Sample_Chart.jpg used on input line 397.
(pdftex.def)             Requested size: 244.28706pt x 174.27565pt.

Overfull \vbox (1.215pt too high) has occurred while \output is active []



! Package pgf Error: Undefined image "logosmall".

See the pgf package documentation for explanation.
Type  H <return>  for immediate help.
 ...                                              
                                                  
l.397 }
       
(That was another \errmessage.)

pdfTeX warning (ext4): destination with the same identifier (name{Navigation4})
 has been already used, duplicate ignored
<to be read again> 
                   \relax 
l.397 }
       pdfTeX warning (ext4): destination with the same identifier (name{page.4
}) has been already used, duplicate ignored
<to be read again> 
                   \relax 
l.397 }
        [4

 <./Figures/3_Sample_Chart.jpg>]
Overfull \vbox (1.215pt too high) has occurred while \output is active []



! Package pgf Error: Undefined image "logosmall".

See the pgf package documentation for explanation.
Type  H <return>  for immediate help.
 ...                                              
                                                  
l.412 }
       
(That was another \errmessage.)

pdfTeX warning (ext4): destination with the same identifier (name{Navigation5})
 has been already used, duplicate ignored
<to be read again> 
                   \relax 
l.412 }
       pdfTeX warning (ext4): destination with the same identifier (name{page.5
}) has been already used, duplicate ignored
<to be read again> 
                   \relax 
l.412 }
        [5

] <Figures/4_grid.jpg, id=219, 490.83376pt x 353.06906pt>
File: Figures/4_grid.jpg Graphic file (type jpg)

<use Figures/4_grid.jpg>
Package pdftex.def Info: Figures/4_grid.jpg used on input line 425.
(pdftex.def)             Requested size: 147.25125pt x 105.92152pt.

Overfull \vbox (1.215pt too high) has occurred while \output is active []



! Package pgf Error: Undefined image "logosmall".

See the pgf package documentation for explanation.
Type  H <return>  for immediate help.
 ...                                              
                                                  
l.425 }
       
(That was another \errmessage.)

pdfTeX warning (ext4): destination with the same identifier (name{Navigation6})
 has been already used, duplicate ignored
<to be read again> 
                   \relax 
l.425 }
       pdfTeX warning (ext4): destination with the same identifier (name{page.6
}) has been already used, duplicate ignored
<to be read again> 
                   \relax 
l.425 }
        [6

 <./Figures/4_grid.jpg>]
Overfull \vbox (1.215pt too high) has occurred while \output is active []



! Package pgf Error: Undefined image "logosmall".

See the pgf package documentation for explanation.
Type  H <return>  for immediate help.
 ...                                              
                                                  
l.435 }
       
(That was another \errmessage.)

pdfTeX warning (ext4): destination with the same identifier (name{Navigation7})
 has been already used, duplicate ignored
<to be read again> 
                   \relax 
l.435 }
       pdfTeX warning (ext4): destination with the same identifier (name{page.7
}) has been already used, duplicate ignored
<to be read again> 
                   \relax 
l.435 }
        [7

]
Overfull \vbox (1.215pt too high) has occurred while \output is active []



! Package pgf Error: Undefined image "logosmall".

See the pgf package documentation for explanation.
Type  H <return>  for immediate help.
 ...                                              
                                                  
l.456 }
       
(That was another \errmessage.)

[8

]
Overfull \vbox (1.215pt too high) has occurred while \output is active []



! Package pgf Error: Undefined image "logosmall".

See the pgf package documentation for explanation.
Type  H <return>  for immediate help.
 ...                                              
                                                  
l.475 }
       
(That was another \errmessage.)

[9

]

! Undefined control sequence.
\lstlisting ->\def \lstenv@name 
                                {lstlisting}\begingroup \lst@setcatcodes \ca...
l.507 \end{lstlisting}
                      
The control sequence at the end of the top line
of your error message was never \def'ed. If you have
misspelled it (e.g., `\hobx'), type `I' and the correct
spelling (e.g., `I\hbox'). Otherwise just continue,
and I'll forget about whatever was undefined.

! Package Listings Error: Extra \endlstlisting.

See the Listings package documentation for explanation.
Type  H <return>  for immediate help.
 ...                                              
                                                  
l.507 \end{lstlisting}
                      
I'm ignoring this, since I wasn't doing a \def {lstlisting}\begingroup \catcode
 `\spacefactor \@m {}11\relax \catcode `\==12\relax \catcode \active =\active \
lstlisting@.


! LaTeX Error: \begin{itemize} on input line 480 ended by \end{lstlisting}.

See the LaTeX manual or LaTeX Companion for explanation.
Type  H <return>  for immediate help.
 ...                                              
                                                  
l.507 \end{lstlisting}
                      
Your command was ignored.
Type  I <command> <return>  to replace it with another command,
or  <return>  to continue without it.


Overfull \vbox (12.13977pt too high) detected at line 508
 []


Overfull \vbox (1.215pt too high) has occurred while \output is active []



! Package pgf Error: Undefined image "logosmall".

See the pgf package documentation for explanation.
Type  H <return>  for immediate help.
 ...                                              
                                                  
l.508 }
       
(That was another \errmessage.)

[10

]
Overfull \vbox (1.215pt too high) has occurred while \output is active []



! Package pgf Error: Undefined image "logosmall".

See the pgf package documentation for explanation.
Type  H <return>  for immediate help.
 ...                                              
                                                  
l.514 }
       
(That was another \errmessage.)

[11

]
\tf@nav=\write6
\openout6 = `Presentation_V_1.nav'.

\tf@toc=\write7
\openout7 = `Presentation_V_1.toc'.

\tf@snm=\write8
\openout8 = `Presentation_V_1.snm'.

Package atveryend Info: Empty hook `BeforeClearDocument' on input line 517.
Package atveryend Info: Empty hook `AfterLastShipout' on input line 517.
 (Presentation_V_1.aux)
Package atveryend Info: Executing hook `AtVeryEndDocument' on input line 517.
Package atveryend Info: Executing hook `AtEndAfterFileList' on input line 517.
Package rerunfilecheck Info: File `Presentation_V_1.out' has not changed.
(rerunfilecheck)             Checksum: C3CBF4384CC89F88F7631FA7F114A0A9;340.


LaTeX Font Warning: Size substitutions with differences
(Font)              up to 1.0pt have occurred.

Package atveryend Info: Empty hook `AtVeryVeryEnd' on input line 517.
 ) 
Here is how much of TeX's memory you used:
 21127 strings out of 493335
 380380 string characters out of 3140547
 681416 words of memory out of 3000000
 24134 multiletter control sequences out of 15000+200000
 24237 words of font info for 75 fonts, out of 3000000 for 9000
 1141 hyphenation exceptions out of 8191
 56i,16n,55p,15158b,2958s stack positions out of 5000i,500n,10000p,200000b,50000s
 <C:\Users\Yousuf\AppData\Local\MiKTeX\2.9\fonts\pk\ljfour\jknappen\ec\dpi600
\ectt0900.pk> <C:\Users\Yousuf\AppData\Local\MiKTeX\2.9\fonts\pk\ljfour\jknappe
n\ec\dpi450\ectt0800.pk> <C:\Users\Yousuf\AppData\Local\MiKTeX\2.9\fonts\pk\ljf
our\jknappen\ec\dpi600\ecss1000.pk> <C:\Users\Yousuf\AppData\Local\MiKTeX\2.9\f
onts\pk\ljfour\jknappen\ec\dpi600\ecss0900.pk> <C:\Users\Yousuf\AppData\Local\M
iKTeX\2.9\fonts\pk\ljfour\jknappen\ec\dpi600\ecss1095.pk> <C:\Users\Yousuf\AppD
ata\Local\MiKTeX\2.9\fonts\pk\ljfour\jknappen\ec\dpi600\ecsx1440.pk><C:/Softwar
e Applications/fonts/type1/public/amsfonts/symbols/msam10.pfb>
Output written on Presentation_V_1.pdf (29 pages, 612495 bytes).
PDF statistics:
 564 PDF objects out of 1000 (max. 8388607)
 29 named destinations out of 1000 (max. 500000)
 166 words of extra memory for PDF output out of 10000 (max. 10000000)

